<?xml version="1.0" encoding="UTF-8"?>
<testng-results ignored="0" total="1" passed="0" failed="1" skipped="0">
  <reporter-output>
    <line>
      <![CDATA[Home page displayed]]>
    </line>
    <line>
      <![CDATA[Cart page is displayed]]>
    </line>
  </reporter-output>
  <suite started-at="2025-08-27T12:59:15 IST" name="Default suite" finished-at="2025-08-27T12:59:32 IST" duration-ms="16788">
    <groups>
    </groups>
    <test started-at="2025-08-27T12:59:15 IST" name="Default test" finished-at="2025-08-27T12:59:32 IST" duration-ms="16788">
      <class name="removeproductcart.TC_AP_012_Test">
        <test-method is-config="true" signature="reportconfig()[pri:0, instance:removeproductcart.TC_AP_012_Test@413d1baf]" started-at="2025-08-27T12:59:15 IST" name="reportconfig" finished-at="2025-08-27T12:59:15 IST" duration-ms="575" status="PASS">
          <reporter-output>
          </reporter-output>
        </test-method> <!-- reportconfig -->
        <test-method is-config="true" signature="openBrowser()[pri:0, instance:removeproductcart.TC_AP_012_Test@413d1baf]" started-at="2025-08-27T12:59:15 IST" name="openBrowser" finished-at="2025-08-27T12:59:28 IST" duration-ms="12769" status="PASS">
          <reporter-output>
          </reporter-output>
        </test-method> <!-- openBrowser -->
        <test-method signature="removeproduct()[pri:0, instance:removeproductcart.TC_AP_012_Test@413d1baf]" started-at="2025-08-27T12:59:28 IST" name="removeproduct" finished-at="2025-08-27T12:59:31 IST" duration-ms="3123" status="FAIL">
          <exception class="java.lang.AssertionError">
            <message>
              <![CDATA[Cart is empty! messege is not displayed expected [Cart is empty!] but found []]]>
            </message>
            <full-stacktrace>
              <![CDATA[java.lang.AssertionError: Cart is empty! messege is not displayed expected [Cart is empty!] but found []
at org.testng.Assert.fail(Assert.java:111)
at org.testng.Assert.failNotEquals(Assert.java:1578)
at org.testng.Assert.assertEqualsImpl(Assert.java:150)
at org.testng.Assert.assertEquals(Assert.java:132)
at org.testng.Assert.assertEquals(Assert.java:656)
at removeproductcart.TC_AP_012_Test.removeproduct(TC_AP_012_Test.java:30)
at java.base/jdk.internal.reflect.DirectMethodHandleAccessor.invoke(DirectMethodHandleAccessor.java:103)
at java.base/java.lang.reflect.Method.invoke(Method.java:580)
at org.testng.internal.invokers.MethodInvocationHelper.invokeMethod(MethodInvocationHelper.java:141)
at org.testng.internal.invokers.TestInvoker.invokeMethod(TestInvoker.java:686)
at org.testng.internal.invokers.TestInvoker.invokeTestMethod(TestInvoker.java:230)
at org.testng.internal.invokers.MethodRunner.runInSequence(MethodRunner.java:63)
at org.testng.internal.invokers.TestInvoker$MethodInvocationAgent.invoke(TestInvoker.java:992)
at org.testng.internal.invokers.TestInvoker.invokeTestMethods(TestInvoker.java:203)
at org.testng.internal.invokers.TestMethodWorker.invokeTestMethods(TestMethodWorker.java:154)
at org.testng.internal.invokers.TestMethodWorker.run(TestMethodWorker.java:134)
at java.base/java.util.ArrayList.forEach(ArrayList.java:1596)
at org.testng.TestRunner.privateRun(TestRunner.java:739)
at org.testng.TestRunner.run(TestRunner.java:614)
at org.testng.SuiteRunner.runTest(SuiteRunner.java:421)
at org.testng.SuiteRunner.runSequentially(SuiteRunner.java:413)
at org.testng.SuiteRunner.privateRun(SuiteRunner.java:373)
at org.testng.SuiteRunner.run(SuiteRunner.java:312)
at org.testng.SuiteRunnerWorker.runSuite(SuiteRunnerWorker.java:52)
at org.testng.SuiteRunnerWorker.run(SuiteRunnerWorker.java:95)
at org.testng.TestNG.runSuitesSequentially(TestNG.java:1274)
at org.testng.TestNG.runSuitesLocally(TestNG.java:1208)
at org.testng.TestNG.runSuites(TestNG.java:1112)
at org.testng.TestNG.run(TestNG.java:1079)
at org.testng.remote.AbstractRemoteTestNG.run(AbstractRemoteTestNG.java:115)
at org.testng.remote.RemoteTestNG.initAndRun(RemoteTestNG.java:293)
at org.testng.remote.RemoteTestNG.main(RemoteTestNG.java:91)
]]>
            </full-stacktrace>
          </exception> <!-- java.lang.AssertionError -->
          <reporter-output>
            <line>
              <![CDATA[Home page displayed]]>
            </line>
            <line>
              <![CDATA[Cart page is displayed]]>
            </line>
          </reporter-output>
        </test-method> <!-- removeproduct -->
        <test-method is-config="true" signature="closeBrowser()[pri:0, instance:removeproductcart.TC_AP_012_Test@413d1baf]" started-at="2025-08-27T12:59:32 IST" name="closeBrowser" finished-at="2025-08-27T12:59:32 IST" duration-ms="460" status="PASS">
          <reporter-output>
          </reporter-output>
        </test-method> <!-- closeBrowser -->
        <test-method is-config="true" signature="reportBackup()[pri:0, instance:removeproductcart.TC_AP_012_Test@413d1baf]" started-at="2025-08-27T12:59:32 IST" name="reportBackup" finished-at="2025-08-27T12:59:33 IST" duration-ms="702" status="PASS">
          <reporter-output>
          </reporter-output>
        </test-method> <!-- reportBackup -->
      </class> <!-- removeproductcart.TC_AP_012_Test -->
    </test> <!-- Default test -->
  </suite> <!-- Default suite -->
</testng-results>
